<?xml version="1.0" encoding="UTF-8"?>
<!-- Generated by org.testng.reporters.JUnitXMLReporter -->
<testsuite ignored="0" hostname="MO-DESKTOP-" failures="0" tests="5" name="test" time="1.824" errors="0" timestamp="2022-02-13T05:56:58 EET">
  <testcase classname="webpagestest.TestBase" name="@BeforeSuite startdriver" time="0.016">
    <failure type="java.lang.NullPointerException" message="Cannot invoke &amp;quot;String.equalsIgnoreCase(String)&amp;quot; because &amp;quot;browsertype&amp;quot; is null">
      <![CDATA[java.lang.NullPointerException: Cannot invoke "String.equalsIgnoreCase(String)" because "browsertype" is null
at webpagestest.TestBase.startdriver(TestBase.java:28)
... Removed 19 stack frames]]>
    </failure>
  </testcase> <!-- @BeforeSuite startdriver -->
  <testcase classname="webpagestest.ClothesSelectiontest" name="ProductSelectiontest" time="0.0">
    <skipped/>
  </testcase> <!-- ProductSelectiontest -->
  <testcase classname="webpagestest.ClothesSelectiontest" name="ProductDescriptiontest" time="0.0">
    <skipped/>
  </testcase> <!-- ProductDescriptiontest -->
  <testcase classname="webpagestest.ClothesSelectiontest" name="addtocarttest" time="0.0">
    <skipped/>
  </testcase> <!-- addtocarttest -->
  <testcase classname="webpagestest.ClothesSelectiontest" name="emptyentrytest" time="0.0">
    <skipped/>
  </testcase> <!-- emptyentrytest -->
  <testcase classname="webpagestest.ClothesSelectiontest" name="invalidentrytest" time="0.0">
    <skipped/>
  </testcase> <!-- invalidentrytest -->
</testsuite> <!-- test -->
