<?xml version="1.0" encoding="UTF-8"?>
<!-- Generated by org.testng.reporters.JUnitXMLReporter -->
<testsuite ignored="0" hostname="MO-DESKTOP-" failures="0" tests="3" name="Testing" time="45.249" errors="0" timestamp="2022-02-13T06:29:39 EET">
  <testcase classname="webpagestest.AuthNewUserTest" name="logintest" time="18.88"/>
  <testcase classname="webpagestest.AuthNewUserTest" name="emptyentrytest" time="6.302"/>
  <testcase classname="webpagestest.AuthNewUserTest" name="invalidentrytest" time="19.134"/>
</testsuite> <!-- Testing -->
